# JRE version: Java(TM) SE Runtime Environment (8.0_131-b11) (build 1.8.0_131-b11)
# Java VM: Java HotSpot(TM) 64-Bit Server VM (25.131-b11 mixed mode windows-amd64 compressed oops)
Heap:
 PSYoungGen      total 270848K, used 156638K [0x00000000d6d80000, 0x00000000e9380000, 0x0000000100000000)
  eden space 244224K, 64% used [0x00000000d6d80000,0x00000000e0677a30,0x00000000e5c00000)
  from space 26624K, 0% used [0x00000000e5c00000,0x00000000e5c00000,0x00000000e7600000)
  to   space 23040K, 0% used [0x00000000e7600000,0x00000000e7600000,0x00000000e8c80000)
 ParOldGen       total 84992K, used 44304K [0x0000000084800000, 0x0000000089b00000, 0x00000000d6d80000)
  object space 84992K, 52% used [0x0000000084800000,0x0000000087344108,0x0000000089b00000)
 Metaspace       used 24959K, capacity 25684K, committed 25984K, reserved 1073152K
  class space    used 2891K, capacity 3073K, committed 3200K, reserved 1048576K
GC Heap History (10 events):
Event: 4.604 GC heap before
{Heap before GC invocations=6 (full 0):
 PSYoungGen      total 68608K, used 68584K [0x00000000d6d80000, 0x00000000e0080000, 0x0000000100000000)
  eden space 63488K, 100% used [0x00000000d6d80000,0x00000000dab80000,0x00000000dab80000)
  from space 5120K, 99% used [0x00000000dab80000,0x00000000db07a020,0x00000000db080000)
  to   space 11776K, 0% used [0x00000000df500000,0x00000000df500000,0x00000000e0080000)
 ParOldGen       total 84992K, used 12288K [0x0000000084800000, 0x0000000089b00000, 0x00000000d6d80000)
  object space 84992K, 14% used [0x0000000084800000,0x00000000854002a0,0x0000000089b00000)
 Metaspace       used 15928K, capacity 16306K, committed 16640K, reserved 1064960K
  class space    used 1894K, capacity 1980K, committed 2048K, reserved 1048576K
Event: 4.622 GC heap after
Heap after GC invocations=6 (full 0):
 PSYoungGen      total 135680K, used 11768K [0x00000000d6d80000, 0x00000000e0680000, 0x0000000100000000)
  eden space 123904K, 0% used [0x00000000d6d80000,0x00000000d6d80000,0x00000000de680000)
  from space 11776K, 99% used [0x00000000df500000,0x00000000e007e050,0x00000000e0080000)
  to   space 14848K, 0% used [0x00000000de680000,0x00000000de680000,0x00000000df500000)
 ParOldGen       total 84992K, used 14590K [0x0000000084800000, 0x0000000089b00000, 0x00000000d6d80000)
  object space 84992K, 17% used [0x0000000084800000,0x000000008563f950,0x0000000089b00000)
 Metaspace       used 15928K, capacity 16306K, committed 16640K, reserved 1064960K
  class space    used 1894K, capacity 1980K, committed 2048K, reserved 1048576K
}
Event: 5.448 GC heap before
{Heap before GC invocations=7 (full 0):
 PSYoungGen      total 135680K, used 135672K [0x00000000d6d80000, 0x00000000e0680000, 0x0000000100000000)
  eden space 123904K, 100% used [0x00000000d6d80000,0x00000000de680000,0x00000000de680000)
  from space 11776K, 99% used [0x00000000df500000,0x00000000e007e050,0x00000000e0080000)
  to   space 14848K, 0% used [0x00000000de680000,0x00000000de680000,0x00000000df500000)
 ParOldGen       total 84992K, used 14590K [0x0000000084800000, 0x0000000089b00000, 0x00000000d6d80000)
  object space 84992K, 17% used [0x0000000084800000,0x000000008563f950,0x0000000089b00000)
 Metaspace       used 16667K, capacity 17020K, committed 17152K, reserved 1064960K
  class space    used 1932K, capacity 2019K, committed 2048K, reserved 1048576K
Event: 5.479 GC heap after
Heap after GC invocations=7 (full 0):
 PSYoungGen      total 138752K, used 14816K [0x00000000d6d80000, 0x00000000e8c80000, 0x0000000100000000)
  eden space 123904K, 0% used [0x00000000d6d80000,0x00000000d6d80000,0x00000000de680000)
  from space 14848K, 99% used [0x00000000de680000,0x00000000df4f8020,0x00000000df500000)
  to   space 23040K, 0% used [0x00000000e7600000,0x00000000e7600000,0x00000000e8c80000)
 ParOldGen       total 84992K, used 26261K [0x0000000084800000, 0x0000000089b00000, 0x00000000d6d80000)
  object space 84992K, 30% used [0x0000000084800000,0x00000000861a5440,0x0000000089b00000)
 Metaspace       used 16667K, capacity 17020K, committed 17152K, reserved 1064960K
  class space    used 1932K, capacity 2019K, committed 2048K, reserved 1048576K
}
Event: 6.962 GC heap before
{Heap before GC invocations=8 (full 0):
 PSYoungGen      total 138752K, used 138720K [0x00000000d6d80000, 0x00000000e8c80000, 0x0000000100000000)
  eden space 123904K, 100% used [0x00000000d6d80000,0x00000000de680000,0x00000000de680000)
  from space 14848K, 99% used [0x00000000de680000,0x00000000df4f8020,0x00000000df500000)
  to   space 23040K, 0% used [0x00000000e7600000,0x00000000e7600000,0x00000000e8c80000)
 ParOldGen       total 84992K, used 26261K [0x0000000084800000, 0x0000000089b00000, 0x00000000d6d80000)
  object space 84992K, 30% used [0x0000000084800000,0x00000000861a5440,0x0000000089b00000)
 Metaspace       used 17986K, capacity 18490K, committed 18688K, reserved 1064960K
  class space    used 2062K, capacity 2188K, committed 2304K, reserved 1048576K
Event: 6.984 GC heap after
Heap after GC invocations=8 (full 0):
 PSYoungGen      total 267264K, used 22505K [0x00000000d6d80000, 0x00000000e9380000, 0x0000000100000000)
  eden space 244224K, 0% used [0x00000000d6d80000,0x00000000d6d80000,0x00000000e5c00000)
  from space 23040K, 97% used [0x00000000e7600000,0x00000000e8bfa5c0,0x00000000e8c80000)
  to   space 26624K, 0% used [0x00000000e5c00000,0x00000000e5c00000,0x00000000e7600000)
 ParOldGen       total 84992K, used 28599K [0x0000000084800000, 0x0000000089b00000, 0x00000000d6d80000)
  object space 84992K, 33% used [0x0000000084800000,0x00000000863edc70,0x0000000089b00000)
 Metaspace       used 17986K, capacity 18490K, committed 18688K, reserved 1064960K
  class space    used 2062K, capacity 2188K, committed 2304K, reserved 1048576K
}
Event: 7.495 GC heap before
{Heap before GC invocations=9 (full 0):
 PSYoungGen      total 267264K, used 56750K [0x00000000d6d80000, 0x00000000e9380000, 0x0000000100000000)
  eden space 244224K, 14% used [0x00000000d6d80000,0x00000000d8ef1590,0x00000000e5c00000)
  from space 23040K, 97% used [0x00000000e7600000,0x00000000e8bfa5c0,0x00000000e8c80000)
  to   space 26624K, 0% used [0x00000000e5c00000,0x00000000e5c00000,0x00000000e7600000)
 ParOldGen       total 84992K, used 28599K [0x0000000084800000, 0x0000000089b00000, 0x00000000d6d80000)
  object space 84992K, 33% used [0x0000000084800000,0x00000000863edc70,0x0000000089b00000)
 Metaspace       used 20690K, capacity 21152K, committed 21248K, reserved 1069056K
  class space    used 2401K, capacity 2525K, committed 2560K, reserved 1048576K
Event: 7.514 GC heap after
Heap after GC invocations=9 (full 0):
 PSYoungGen      total 270848K, used 18381K [0x00000000d6d80000, 0x00000000e9380000, 0x0000000100000000)
  eden space 244224K, 0% used [0x00000000d6d80000,0x00000000d6d80000,0x00000000e5c00000)
  from space 26624K, 69% used [0x00000000e5c00000,0x00000000e6df3660,0x00000000e7600000)
  to   space 23040K, 0% used [0x00000000e7600000,0x00000000e7600000,0x00000000e8c80000)
 ParOldGen       total 84992K, used 33548K [0x0000000084800000, 0x0000000089b00000, 0x00000000d6d80000)
  object space 84992K, 39% used [0x0000000084800000,0x00000000868c3330,0x0000000089b00000)
 Metaspace       used 20690K, capacity 21152K, committed 21248K, reserved 1069056K
  class space    used 2401K, capacity 2525K, committed 2560K, reserved 1048576K
}
Event: 7.514 GC heap before
{Heap before GC invocations=10 (full 1):
 PSYoungGen      total 270848K, used 18381K [0x00000000d6d80000, 0x00000000e9380000, 0x0000000100000000)
  eden space 244224K, 0% used [0x00000000d6d80000,0x00000000d6d80000,0x00000000e5c00000)
  from space 26624K, 69% used [0x00000000e5c00000,0x00000000e6df3660,0x00000000e7600000)
  to   space 23040K, 0% used [0x00000000e7600000,0x00000000e7600000,0x00000000e8c80000)
 ParOldGen       total 84992K, used 33548K [0x0000000084800000, 0x0000000089b00000, 0x00000000d6d80000)
  object space 84992K, 39% used [0x0000000084800000,0x00000000868c3330,0x0000000089b00000)
 Metaspace       used 20690K, capacity 21152K, committed 21248K, reserved 1069056K
  class space    used 2401K, capacity 2525K, committed 2560K, reserved 1048576K
Event: 7.711 GC heap after
Heap after GC invocations=10 (full 1):
 PSYoungGen      total 270848K, used 0K [0x00000000d6d80000, 0x00000000e9380000, 0x0000000100000000)
  eden space 244224K, 0% used [0x00000000d6d80000,0x00000000d6d80000,0x00000000e5c00000)
  from space 26624K, 0% used [0x00000000e5c00000,0x00000000e5c00000,0x00000000e7600000)
  to   space 23040K, 0% used [0x00000000e7600000,0x00000000e7600000,0x00000000e8c80000)
 ParOldGen       total 84992K, used 44304K [0x0000000084800000, 0x0000000089b00000, 0x00000000d6d80000)
  object space 84992K, 52% used [0x0000000084800000,0x0000000087344108,0x0000000089b00000)
 Metaspace       used 20690K, capacity 21152K, committed 21248K, reserved 1069056K
  class space    used 2401K, capacity 2525K, committed 2560K, reserved 1048576K
}

