# JRE version: Java(TM) SE Runtime Environment (8.0_131-b11) (build 1.8.0_131-b11)
# Java VM: Java HotSpot(TM) 64-Bit Server VM (25.131-b11 mixed mode windows-amd64 compressed oops)
Heap:
 PSYoungGen      total 203776K, used 10440K [0x00000000d6d80000, 0x00000000e7480000, 0x0000000100000000)
  eden space 192512K, 0% used [0x00000000d6d80000,0x00000000d6d80000,0x00000000e2980000)
  from space 11264K, 92% used [0x00000000e6980000,0x00000000e73b21b0,0x00000000e7480000)
  to   space 9728K, 0% used [0x00000000e2980000,0x00000000e2980000,0x00000000e3300000)
 ParOldGen       total 78336K, used 14552K [0x0000000084800000, 0x0000000089480000, 0x00000000d6d80000)
  object space 78336K, 18% used [0x0000000084800000,0x0000000085636058,0x0000000089480000)
 Metaspace       used 45540K, capacity 48326K, committed 48384K, reserved 1095680K
  class space    used 6126K, capacity 6654K, committed 6656K, reserved 1048576K
GC Heap History (10 events):
Event: 9.488 GC heap after
Heap after GC invocations=9 (full 1):
 PSYoungGen      total 157184K, used 5401K [0x00000000d6d80000, 0x00000000e3500000, 0x0000000100000000)
  eden space 148480K, 0% used [0x00000000d6d80000,0x00000000d6d80000,0x00000000dfe80000)
  from space 8704K, 62% used [0x00000000e0700000,0x00000000e0c46548,0x00000000e0f80000)
  to   space 8704K, 0% used [0x00000000dfe80000,0x00000000dfe80000,0x00000000e0700000)
 ParOldGen       total 53760K, used 6754K [0x0000000084800000, 0x0000000087c80000, 0x00000000d6d80000)
  object space 53760K, 12% used [0x0000000084800000,0x0000000084e988e0,0x0000000087c80000)
 Metaspace       used 30640K, capacity 32390K, committed 32640K, reserved 1077248K
  class space    used 4058K, capacity 4395K, committed 4480K, reserved 1048576K
}
Event: 9.965 GC heap before
{Heap before GC invocations=10 (full 1):
 PSYoungGen      total 157184K, used 82129K [0x00000000d6d80000, 0x00000000e3500000, 0x0000000100000000)
  eden space 148480K, 51% used [0x00000000d6d80000,0x00000000db86e1b8,0x00000000dfe80000)
  from space 8704K, 62% used [0x00000000e0700000,0x00000000e0c46548,0x00000000e0f80000)
  to   space 8704K, 0% used [0x00000000dfe80000,0x00000000dfe80000,0x00000000e0700000)
 ParOldGen       total 53760K, used 6754K [0x0000000084800000, 0x0000000087c80000, 0x00000000d6d80000)
  object space 53760K, 12% used [0x0000000084800000,0x0000000084e988e0,0x0000000087c80000)
 Metaspace       used 33638K, capacity 35420K, committed 35496K, reserved 1079296K
  class space    used 4488K, capacity 4838K, committed 4864K, reserved 1048576K
Event: 9.972 GC heap after
Heap after GC invocations=10 (full 1):
 PSYoungGen      total 157184K, used 8621K [0x00000000d6d80000, 0x00000000e3c00000, 0x0000000100000000)
  eden space 148480K, 0% used [0x00000000d6d80000,0x00000000d6d80000,0x00000000dfe80000)
  from space 8704K, 99% used [0x00000000dfe80000,0x00000000e06eb640,0x00000000e0700000)
  to   space 9216K, 0% used [0x00000000e3300000,0x00000000e3300000,0x00000000e3c00000)
 ParOldGen       total 53760K, used 6762K [0x0000000084800000, 0x0000000087c80000, 0x00000000d6d80000)
  object space 53760K, 12% used [0x0000000084800000,0x0000000084e9a8e0,0x0000000087c80000)
 Metaspace       used 33638K, capacity 35420K, committed 35496K, reserved 1079296K
  class space    used 4488K, capacity 4838K, committed 4864K, reserved 1048576K
}
Event: 9.972 GC heap before
{Heap before GC invocations=11 (full 2):
 PSYoungGen      total 157184K, used 8621K [0x00000000d6d80000, 0x00000000e3c00000, 0x0000000100000000)
  eden space 148480K, 0% used [0x00000000d6d80000,0x00000000d6d80000,0x00000000dfe80000)
  from space 8704K, 99% used [0x00000000dfe80000,0x00000000e06eb640,0x00000000e0700000)
  to   space 9216K, 0% used [0x00000000e3300000,0x00000000e3300000,0x00000000e3c00000)
 ParOldGen       total 53760K, used 6762K [0x0000000084800000, 0x0000000087c80000, 0x00000000d6d80000)
  object space 53760K, 12% used [0x0000000084800000,0x0000000084e9a8e0,0x0000000087c80000)
 Metaspace       used 33638K, capacity 35420K, committed 35496K, reserved 1079296K
  class space    used 4488K, capacity 4838K, committed 4864K, reserved 1048576K
Event: 10.021 GC heap after
Heap after GC invocations=11 (full 2):
 PSYoungGen      total 157184K, used 0K [0x00000000d6d80000, 0x00000000e3c00000, 0x0000000100000000)
  eden space 148480K, 0% used [0x00000000d6d80000,0x00000000d6d80000,0x00000000dfe80000)
  from space 8704K, 0% used [0x00000000dfe80000,0x00000000dfe80000,0x00000000e0700000)
  to   space 9216K, 0% used [0x00000000e3300000,0x00000000e3300000,0x00000000e3c00000)
 ParOldGen       total 78336K, used 12967K [0x0000000084800000, 0x0000000089480000, 0x00000000d6d80000)
  object space 78336K, 16% used [0x0000000084800000,0x00000000854a9ca8,0x0000000089480000)
 Metaspace       used 33638K, capacity 35420K, committed 35496K, reserved 1079296K
  class space    used 4488K, capacity 4838K, committed 4864K, reserved 1048576K
}
Event: 20.436 GC heap before
{Heap before GC invocations=12 (full 2):
 PSYoungGen      total 157184K, used 148480K [0x00000000d6d80000, 0x00000000e3c00000, 0x0000000100000000)
  eden space 148480K, 100% used [0x00000000d6d80000,0x00000000dfe80000,0x00000000dfe80000)
  from space 8704K, 0% used [0x00000000dfe80000,0x00000000dfe80000,0x00000000e0700000)
  to   space 9216K, 0% used [0x00000000e3300000,0x00000000e3300000,0x00000000e3c00000)
 ParOldGen       total 78336K, used 12967K [0x0000000084800000, 0x0000000089480000, 0x00000000d6d80000)
  object space 78336K, 16% used [0x0000000084800000,0x00000000854a9ca8,0x0000000089480000)
 Metaspace       used 38407K, capacity 40630K, committed 40960K, reserved 1085440K
  class space    used 5158K, capacity 5563K, committed 5632K, reserved 1048576K
Event: 20.444 GC heap after
Heap after GC invocations=12 (full 2):
 PSYoungGen      total 201728K, used 8281K [0x00000000d6d80000, 0x00000000e3f00000, 0x0000000100000000)
  eden space 192512K, 0% used [0x00000000d6d80000,0x00000000d6d80000,0x00000000e2980000)
  from space 9216K, 89% used [0x00000000e3300000,0x00000000e3b16738,0x00000000e3c00000)
  to   space 9728K, 0% used [0x00000000e2980000,0x00000000e2980000,0x00000000e3300000)
 ParOldGen       total 78336K, used 12975K [0x0000000084800000, 0x0000000089480000, 0x00000000d6d80000)
  object space 78336K, 16% used [0x0000000084800000,0x00000000854abca8,0x0000000089480000)
 Metaspace       used 38407K, capacity 40630K, committed 40960K, reserved 1085440K
  class space    used 5158K, capacity 5563K, committed 5632K, reserved 1048576K
}
Event: 24.051 GC heap before
{Heap before GC invocations=13 (full 2):
 PSYoungGen      total 201728K, used 200793K [0x00000000d6d80000, 0x00000000e3f00000, 0x0000000100000000)
  eden space 192512K, 100% used [0x00000000d6d80000,0x00000000e2980000,0x00000000e2980000)
  from space 9216K, 89% used [0x00000000e3300000,0x00000000e3b16738,0x00000000e3c00000)
  to   space 9728K, 0% used [0x00000000e2980000,0x00000000e2980000,0x00000000e3300000)
 ParOldGen       total 78336K, used 12975K [0x0000000084800000, 0x0000000089480000, 0x00000000d6d80000)
  object space 78336K, 16% used [0x0000000084800000,0x00000000854abca8,0x0000000089480000)
 Metaspace       used 40907K, capacity 43428K, committed 43648K, reserved 1087488K
  class space    used 5514K, capacity 5980K, committed 6016K, reserved 1048576K
Event: 24.062 GC heap after
Heap after GC invocations=13 (full 2):
 PSYoungGen      total 202240K, used 9713K [0x00000000d6d80000, 0x00000000e7480000, 0x0000000100000000)
  eden space 192512K, 0% used [0x00000000d6d80000,0x00000000d6d80000,0x00000000e2980000)
  from space 9728K, 99% used [0x00000000e2980000,0x00000000e32fc5a8,0x00000000e3300000)
  to   space 11264K, 0% used [0x00000000e6980000,0x00000000e6980000,0x00000000e7480000)
 ParOldGen       total 78336K, used 14544K [0x0000000084800000, 0x0000000089480000, 0x00000000d6d80000)
  object space 78336K, 18% used [0x0000000084800000,0x0000000085634058,0x0000000089480000)
 Metaspace       used 40907K, capacity 43428K, committed 43648K, reserved 1087488K
  class space    used 5514K, capacity 5980K, committed 6016K, reserved 1048576K
}
Event: 25.144 GC heap before
{Heap before GC invocations=14 (full 2):
 PSYoungGen      total 202240K, used 97477K [0x00000000d6d80000, 0x00000000e7480000, 0x0000000100000000)
  eden space 192512K, 45% used [0x00000000d6d80000,0x00000000dc335000,0x00000000e2980000)
  from space 9728K, 99% used [0x00000000e2980000,0x00000000e32fc5a8,0x00000000e3300000)
  to   space 11264K, 0% used [0x00000000e6980000,0x00000000e6980000,0x00000000e7480000)
 ParOldGen       total 78336K, used 14544K [0x0000000084800000, 0x0000000089480000, 0x00000000d6d80000)
  object space 78336K, 18% used [0x0000000084800000,0x0000000085634058,0x0000000089480000)
 Metaspace       used 45540K, capacity 48326K, committed 48384K, reserved 1095680K
  class space    used 6126K, capacity 6654K, committed 6656K, reserved 1048576K

