# JRE version: Java(TM) SE Runtime Environment (8.0_131-b11) (build 1.8.0_131-b11)
# Java VM: Java HotSpot(TM) 64-Bit Server VM (25.131-b11 mixed mode windows-amd64 compressed oops)
Heap:
 PSYoungGen      total 266240K, used 248103K [0x00000000d6d80000, 0x00000000eda00000, 0x0000000100000000)
  eden space 246272K, 92% used [0x00000000d6d80000,0x00000000e4c4b8d0,0x00000000e5e00000)
  from space 19968K, 99% used [0x00000000e5e00000,0x00000000e717e360,0x00000000e7180000)
  to   space 25088K, 0% used [0x00000000ec180000,0x00000000ec180000,0x00000000eda00000)
 ParOldGen       total 83456K, used 36473K [0x0000000084800000, 0x0000000089980000, 0x00000000d6d80000)
  object space 83456K, 43% used [0x0000000084800000,0x0000000086b9e4e0,0x0000000089980000)
 Metaspace       used 29535K, capacity 30426K, committed 30720K, reserved 1077248K
  class space    used 3317K, capacity 3541K, committed 3584K, reserved 1048576K
GC Heap History (10 events):
Event: 5.288 GC heap before
{Heap before GC invocations=6 (full 0):
 PSYoungGen      total 68608K, used 68576K [0x00000000d6d80000, 0x00000000dfe80000, 0x0000000100000000)
  eden space 63488K, 100% used [0x00000000d6d80000,0x00000000dab80000,0x00000000dab80000)
  from space 5120K, 99% used [0x00000000dab80000,0x00000000db078020,0x00000000db080000)
  to   space 10752K, 0% used [0x00000000df400000,0x00000000df400000,0x00000000dfe80000)
 ParOldGen       total 84992K, used 11636K [0x0000000084800000, 0x0000000089b00000, 0x00000000d6d80000)
  object space 84992K, 13% used [0x0000000084800000,0x000000008535d230,0x0000000089b00000)
 Metaspace       used 16211K, capacity 16540K, committed 16896K, reserved 1064960K
  class space    used 1899K, capacity 1987K, committed 2048K, reserved 1048576K
Event: 5.308 GC heap after
Heap after GC invocations=6 (full 0):
 PSYoungGen      total 134656K, used 10736K [0x00000000d6d80000, 0x00000000e0480000, 0x0000000100000000)
  eden space 123904K, 0% used [0x00000000d6d80000,0x00000000d6d80000,0x00000000de680000)
  from space 10752K, 99% used [0x00000000df400000,0x00000000dfe7c050,0x00000000dfe80000)
  to   space 13824K, 0% used [0x00000000de680000,0x00000000de680000,0x00000000df400000)
 ParOldGen       total 84992K, used 14823K [0x0000000084800000, 0x0000000089b00000, 0x00000000d6d80000)
  object space 84992K, 17% used [0x0000000084800000,0x0000000085679c70,0x0000000089b00000)
 Metaspace       used 16211K, capacity 16540K, committed 16896K, reserved 1064960K
  class space    used 1899K, capacity 1987K, committed 2048K, reserved 1048576K
}
Event: 6.463 GC heap before
{Heap before GC invocations=7 (full 0):
 PSYoungGen      total 134656K, used 134640K [0x00000000d6d80000, 0x00000000e0480000, 0x0000000100000000)
  eden space 123904K, 100% used [0x00000000d6d80000,0x00000000de680000,0x00000000de680000)
  from space 10752K, 99% used [0x00000000df400000,0x00000000dfe7c050,0x00000000dfe80000)
  to   space 13824K, 0% used [0x00000000de680000,0x00000000de680000,0x00000000df400000)
 ParOldGen       total 84992K, used 14823K [0x0000000084800000, 0x0000000089b00000, 0x00000000d6d80000)
  object space 84992K, 17% used [0x0000000084800000,0x0000000085679c70,0x0000000089b00000)
 Metaspace       used 16766K, capacity 17148K, committed 17408K, reserved 1064960K
  class space    used 1917K, capacity 2019K, committed 2048K, reserved 1048576K
Event: 6.493 GC heap after
Heap after GC invocations=7 (full 0):
 PSYoungGen      total 137728K, used 13808K [0x00000000d6d80000, 0x00000000e8380000, 0x0000000100000000)
  eden space 123904K, 0% used [0x00000000d6d80000,0x00000000d6d80000,0x00000000de680000)
  from space 13824K, 99% used [0x00000000de680000,0x00000000df3fc010,0x00000000df400000)
  to   space 18432K, 0% used [0x00000000e7180000,0x00000000e7180000,0x00000000e8380000)
 ParOldGen       total 84992K, used 20567K [0x0000000084800000, 0x0000000089b00000, 0x00000000d6d80000)
  object space 84992K, 24% used [0x0000000084800000,0x0000000085c15e60,0x0000000089b00000)
 Metaspace       used 16766K, capacity 17148K, committed 17408K, reserved 1064960K
  class space    used 1917K, capacity 2019K, committed 2048K, reserved 1048576K
}
Event: 7.241 GC heap before
{Heap before GC invocations=8 (full 0):
 PSYoungGen      total 137728K, used 68336K [0x00000000d6d80000, 0x00000000e8380000, 0x0000000100000000)
  eden space 123904K, 44% used [0x00000000d6d80000,0x00000000da2c0148,0x00000000de680000)
  from space 13824K, 99% used [0x00000000de680000,0x00000000df3fc010,0x00000000df400000)
  to   space 18432K, 0% used [0x00000000e7180000,0x00000000e7180000,0x00000000e8380000)
 ParOldGen       total 84992K, used 20567K [0x0000000084800000, 0x0000000089b00000, 0x00000000d6d80000)
  object space 84992K, 24% used [0x0000000084800000,0x0000000085c15e60,0x0000000089b00000)
 Metaspace       used 20638K, capacity 21184K, committed 21248K, reserved 1069056K
  class space    used 2419K, capacity 2557K, committed 2560K, reserved 1048576K
Event: 7.263 GC heap after
Heap after GC invocations=8 (full 0):
 PSYoungGen      total 264704K, used 15000K [0x00000000d6d80000, 0x00000000e8680000, 0x0000000100000000)
  eden space 246272K, 0% used [0x00000000d6d80000,0x00000000d6d80000,0x00000000e5e00000)
  from space 18432K, 81% used [0x00000000e7180000,0x00000000e8026078,0x00000000e8380000)
  to   space 19968K, 0% used [0x00000000e5e00000,0x00000000e5e00000,0x00000000e7180000)
 ParOldGen       total 84992K, used 22505K [0x0000000084800000, 0x0000000089b00000, 0x00000000d6d80000)
  object space 84992K, 26% used [0x0000000084800000,0x0000000085dfa6a0,0x0000000089b00000)
 Metaspace       used 20638K, capacity 21184K, committed 21248K, reserved 1069056K
  class space    used 2419K, capacity 2557K, committed 2560K, reserved 1048576K
}
Event: 7.263 GC heap before
{Heap before GC invocations=9 (full 1):
 PSYoungGen      total 264704K, used 15000K [0x00000000d6d80000, 0x00000000e8680000, 0x0000000100000000)
  eden space 246272K, 0% used [0x00000000d6d80000,0x00000000d6d80000,0x00000000e5e00000)
  from space 18432K, 81% used [0x00000000e7180000,0x00000000e8026078,0x00000000e8380000)
  to   space 19968K, 0% used [0x00000000e5e00000,0x00000000e5e00000,0x00000000e7180000)
 ParOldGen       total 84992K, used 22505K [0x0000000084800000, 0x0000000089b00000, 0x00000000d6d80000)
  object space 84992K, 26% used [0x0000000084800000,0x0000000085dfa6a0,0x0000000089b00000)
 Metaspace       used 20638K, capacity 21184K, committed 21248K, reserved 1069056K
  class space    used 2419K, capacity 2557K, committed 2560K, reserved 1048576K
Event: 7.395 GC heap after
Heap after GC invocations=9 (full 1):
 PSYoungGen      total 264704K, used 0K [0x00000000d6d80000, 0x00000000e8680000, 0x0000000100000000)
  eden space 246272K, 0% used [0x00000000d6d80000,0x00000000d6d80000,0x00000000e5e00000)
  from space 18432K, 0% used [0x00000000e7180000,0x00000000e7180000,0x00000000e8380000)
  to   space 19968K, 0% used [0x00000000e5e00000,0x00000000e5e00000,0x00000000e7180000)
 ParOldGen       total 83456K, used 30666K [0x0000000084800000, 0x0000000089980000, 0x00000000d6d80000)
  object space 83456K, 36% used [0x0000000084800000,0x00000000865f2810,0x0000000089980000)
 Metaspace       used 20638K, capacity 21184K, committed 21248K, reserved 1069056K
  class space    used 2419K, capacity 2557K, committed 2560K, reserved 1048576K
}
Event: 10.571 GC heap before
{Heap before GC invocations=10 (full 1):
 PSYoungGen      total 264704K, used 246272K [0x00000000d6d80000, 0x00000000e8680000, 0x0000000100000000)
  eden space 246272K, 100% used [0x00000000d6d80000,0x00000000e5e00000,0x00000000e5e00000)
  from space 18432K, 0% used [0x00000000e7180000,0x00000000e7180000,0x00000000e8380000)
  to   space 19968K, 0% used [0x00000000e5e00000,0x00000000e5e00000,0x00000000e7180000)
 ParOldGen       total 83456K, used 30666K [0x0000000084800000, 0x0000000089980000, 0x00000000d6d80000)
  object space 83456K, 36% used [0x0000000084800000,0x00000000865f2810,0x0000000089980000)
 Metaspace       used 24930K, capacity 25686K, committed 25856K, reserved 1073152K
  class space    used 2841K, capacity 3011K, committed 3072K, reserved 1048576K
Event: 10.598 GC heap after
Heap after GC invocations=10 (full 1):
 PSYoungGen      total 266240K, used 19960K [0x00000000d6d80000, 0x00000000eda00000, 0x0000000100000000)
  eden space 246272K, 0% used [0x00000000d6d80000,0x00000000d6d80000,0x00000000e5e00000)
  from space 19968K, 99% used [0x00000000e5e00000,0x00000000e717e360,0x00000000e7180000)
  to   space 25088K, 0% used [0x00000000ec180000,0x00000000ec180000,0x00000000eda00000)
 ParOldGen       total 83456K, used 36473K [0x0000000084800000, 0x0000000089980000, 0x00000000d6d80000)
  object space 83456K, 43% used [0x0000000084800000,0x0000000086b9e4e0,0x0000000089980000)
 Metaspace       used 24930K, capacity 25686K, committed 25856K, reserved 1073152K
  class space    used 2841K, capacity 3011K, committed 3072K, reserved 1048576K
}

