# JRE version: Java(TM) SE Runtime Environment (8.0_131-b11) (build 1.8.0_131-b11)
# Java VM: Java HotSpot(TM) 64-Bit Server VM (25.131-b11 mixed mode windows-amd64 compressed oops)
Heap:
 PSYoungGen      total 265728K, used 216459K [0x00000000d6d80000, 0x00000000e8780000, 0x0000000100000000)
  eden space 247296K, 87% used [0x00000000d6d80000,0x00000000e40e2dc0,0x00000000e5f00000)
  from space 18432K, 0% used [0x00000000e7280000,0x00000000e7280000,0x00000000e8480000)
  to   space 19968K, 0% used [0x00000000e5f00000,0x00000000e5f00000,0x00000000e7280000)
 ParOldGen       total 87552K, used 30685K [0x0000000084800000, 0x0000000089d80000, 0x00000000d6d80000)
  object space 87552K, 35% used [0x0000000084800000,0x00000000865f7550,0x0000000089d80000)
 Metaspace       used 27163K, capacity 27980K, committed 28288K, reserved 1075200K
  class space    used 3148K, capacity 3388K, committed 3456K, reserved 1048576K
GC Heap History (10 events):
Event: 3.814 GC heap before
{Heap before GC invocations=5 (full 0):
 PSYoungGen      total 68608K, used 68584K [0x00000000d6d80000, 0x00000000db580000, 0x0000000100000000)
  eden space 63488K, 100% used [0x00000000d6d80000,0x00000000dab80000,0x00000000dab80000)
  from space 5120K, 99% used [0x00000000db080000,0x00000000db57a020,0x00000000db580000)
  to   space 5120K, 0% used [0x00000000dab80000,0x00000000dab80000,0x00000000db080000)
 ParOldGen       total 84992K, used 6702K [0x0000000084800000, 0x0000000089b00000, 0x00000000d6d80000)
  object space 84992K, 7% used [0x0000000084800000,0x0000000084e8b868,0x0000000089b00000)
 Metaspace       used 15821K, capacity 16172K, committed 16384K, reserved 1062912K
  class space    used 1874K, capacity 1979K, committed 2048K, reserved 1048576K
Event: 3.825 GC heap after
Heap after GC invocations=5 (full 0):
 PSYoungGen      total 68608K, used 5096K [0x00000000d6d80000, 0x00000000dfe80000, 0x0000000100000000)
  eden space 63488K, 0% used [0x00000000d6d80000,0x00000000d6d80000,0x00000000dab80000)
  from space 5120K, 99% used [0x00000000dab80000,0x00000000db07a040,0x00000000db080000)
  to   space 10752K, 0% used [0x00000000df400000,0x00000000df400000,0x00000000dfe80000)
 ParOldGen       total 84992K, used 11840K [0x0000000084800000, 0x0000000089b00000, 0x00000000d6d80000)
  object space 84992K, 13% used [0x0000000084800000,0x0000000085390380,0x0000000089b00000)
 Metaspace       used 15821K, capacity 16172K, committed 16384K, reserved 1062912K
  class space    used 1874K, capacity 1979K, committed 2048K, reserved 1048576K
}
Event: 4.311 GC heap before
{Heap before GC invocations=6 (full 0):
 PSYoungGen      total 68608K, used 68584K [0x00000000d6d80000, 0x00000000dfe80000, 0x0000000100000000)
  eden space 63488K, 100% used [0x00000000d6d80000,0x00000000dab80000,0x00000000dab80000)
  from space 5120K, 99% used [0x00000000dab80000,0x00000000db07a040,0x00000000db080000)
  to   space 10752K, 0% used [0x00000000df400000,0x00000000df400000,0x00000000dfe80000)
 ParOldGen       total 84992K, used 11840K [0x0000000084800000, 0x0000000089b00000, 0x00000000d6d80000)
  object space 84992K, 13% used [0x0000000084800000,0x0000000085390380,0x0000000089b00000)
 Metaspace       used 16184K, capacity 16540K, committed 16896K, reserved 1064960K
  class space    used 1899K, capacity 1987K, committed 2048K, reserved 1048576K
Event: 4.328 GC heap after
Heap after GC invocations=6 (full 0):
 PSYoungGen      total 135168K, used 10744K [0x00000000d6d80000, 0x00000000e0380000, 0x0000000100000000)
  eden space 124416K, 0% used [0x00000000d6d80000,0x00000000d6d80000,0x00000000de700000)
  from space 10752K, 99% used [0x00000000df400000,0x00000000dfe7e050,0x00000000dfe80000)
  to   space 13312K, 0% used [0x00000000de700000,0x00000000de700000,0x00000000df400000)
 ParOldGen       total 84992K, used 13849K [0x0000000084800000, 0x0000000089b00000, 0x00000000d6d80000)
  object space 84992K, 16% used [0x0000000084800000,0x0000000085586660,0x0000000089b00000)
 Metaspace       used 16184K, capacity 16540K, committed 16896K, reserved 1064960K
  class space    used 1899K, capacity 1987K, committed 2048K, reserved 1048576K
}
Event: 5.601 GC heap before
{Heap before GC invocations=7 (full 0):
 PSYoungGen      total 135168K, used 135160K [0x00000000d6d80000, 0x00000000e0380000, 0x0000000100000000)
  eden space 124416K, 100% used [0x00000000d6d80000,0x00000000de700000,0x00000000de700000)
  from space 10752K, 99% used [0x00000000df400000,0x00000000dfe7e050,0x00000000dfe80000)
  to   space 13312K, 0% used [0x00000000de700000,0x00000000de700000,0x00000000df400000)
 ParOldGen       total 84992K, used 13849K [0x0000000084800000, 0x0000000089b00000, 0x00000000d6d80000)
  object space 84992K, 16% used [0x0000000084800000,0x0000000085586660,0x0000000089b00000)
 Metaspace       used 16735K, capacity 17084K, committed 17408K, reserved 1064960K
  class space    used 1917K, capacity 2019K, committed 2048K, reserved 1048576K
Event: 5.623 GC heap after
Heap after GC invocations=7 (full 0):
 PSYoungGen      total 137728K, used 13296K [0x00000000d6d80000, 0x00000000e8480000, 0x0000000100000000)
  eden space 124416K, 0% used [0x00000000d6d80000,0x00000000d6d80000,0x00000000de700000)
  from space 13312K, 99% used [0x00000000de700000,0x00000000df3fc010,0x00000000df400000)
  to   space 18432K, 0% used [0x00000000e7280000,0x00000000e7280000,0x00000000e8480000)
 ParOldGen       total 84992K, used 20740K [0x0000000084800000, 0x0000000089b00000, 0x00000000d6d80000)
  object space 84992K, 24% used [0x0000000084800000,0x0000000085c41008,0x0000000089b00000)
 Metaspace       used 16735K, capacity 17084K, committed 17408K, reserved 1064960K
  class space    used 1917K, capacity 2019K, committed 2048K, reserved 1048576K
}
Event: 6.617 GC heap before
{Heap before GC invocations=8 (full 0):
 PSYoungGen      total 137728K, used 77928K [0x00000000d6d80000, 0x00000000e8480000, 0x0000000100000000)
  eden space 124416K, 51% used [0x00000000d6d80000,0x00000000dac9e370,0x00000000de700000)
  from space 13312K, 99% used [0x00000000de700000,0x00000000df3fc010,0x00000000df400000)
  to   space 18432K, 0% used [0x00000000e7280000,0x00000000e7280000,0x00000000e8480000)
 ParOldGen       total 84992K, used 20740K [0x0000000084800000, 0x0000000089b00000, 0x00000000d6d80000)
  object space 84992K, 24% used [0x0000000084800000,0x0000000085c41008,0x0000000089b00000)
 Metaspace       used 20646K, capacity 21188K, committed 21248K, reserved 1069056K
  class space    used 2420K, capacity 2557K, committed 2560K, reserved 1048576K
Event: 6.640 GC heap after
Heap after GC invocations=8 (full 0):
 PSYoungGen      total 265728K, used 15109K [0x00000000d6d80000, 0x00000000e8780000, 0x0000000100000000)
  eden space 247296K, 0% used [0x00000000d6d80000,0x00000000d6d80000,0x00000000e5f00000)
  from space 18432K, 81% used [0x00000000e7280000,0x00000000e8141558,0x00000000e8480000)
  to   space 19968K, 0% used [0x00000000e5f00000,0x00000000e5f00000,0x00000000e7280000)
 ParOldGen       total 84992K, used 22414K [0x0000000084800000, 0x0000000089b00000, 0x00000000d6d80000)
  object space 84992K, 26% used [0x0000000084800000,0x0000000085de3838,0x0000000089b00000)
 Metaspace       used 20646K, capacity 21188K, committed 21248K, reserved 1069056K
  class space    used 2420K, capacity 2557K, committed 2560K, reserved 1048576K
}
Event: 6.640 GC heap before
{Heap before GC invocations=9 (full 1):
 PSYoungGen      total 265728K, used 15109K [0x00000000d6d80000, 0x00000000e8780000, 0x0000000100000000)
  eden space 247296K, 0% used [0x00000000d6d80000,0x00000000d6d80000,0x00000000e5f00000)
  from space 18432K, 81% used [0x00000000e7280000,0x00000000e8141558,0x00000000e8480000)
  to   space 19968K, 0% used [0x00000000e5f00000,0x00000000e5f00000,0x00000000e7280000)
 ParOldGen       total 84992K, used 22414K [0x0000000084800000, 0x0000000089b00000, 0x00000000d6d80000)
  object space 84992K, 26% used [0x0000000084800000,0x0000000085de3838,0x0000000089b00000)
 Metaspace       used 20646K, capacity 21188K, committed 21248K, reserved 1069056K
  class space    used 2420K, capacity 2557K, committed 2560K, reserved 1048576K
Event: 6.816 GC heap after
Heap after GC invocations=9 (full 1):
 PSYoungGen      total 265728K, used 0K [0x00000000d6d80000, 0x00000000e8780000, 0x0000000100000000)
  eden space 247296K, 0% used [0x00000000d6d80000,0x00000000d6d80000,0x00000000e5f00000)
  from space 18432K, 0% used [0x00000000e7280000,0x00000000e7280000,0x00000000e8480000)
  to   space 19968K, 0% used [0x00000000e5f00000,0x00000000e5f00000,0x00000000e7280000)
 ParOldGen       total 87552K, used 30685K [0x0000000084800000, 0x0000000089d80000, 0x00000000d6d80000)
  object space 87552K, 35% used [0x0000000084800000,0x00000000865f7550,0x0000000089d80000)
 Metaspace       used 20646K, capacity 21188K, committed 21248K, reserved 1069056K
  class space    used 2420K, capacity 2557K, committed 2560K, reserved 1048576K
}

