# JRE version: Java(TM) SE Runtime Environment (8.0_131-b11) (build 1.8.0_131-b11)
# Java VM: Java HotSpot(TM) 64-Bit Server VM (25.131-b11 mixed mode windows-amd64 compressed oops)
Heap:
 PSYoungGen      total 196608K, used 33703K [0x00000000d6d80000, 0x00000000e3d80000, 0x0000000100000000)
  eden space 187904K, 14% used [0x00000000d6d80000,0x00000000d87c7f50,0x00000000e2500000)
  from space 8704K, 78% used [0x00000000e2f80000,0x00000000e3621e18,0x00000000e3800000)
  to   space 10752K, 0% used [0x00000000e2500000,0x00000000e2500000,0x00000000e2f80000)
 ParOldGen       total 69632K, used 13345K [0x0000000084800000, 0x0000000088c00000, 0x00000000d6d80000)
  object space 69632K, 19% used [0x0000000084800000,0x00000000855087a8,0x0000000088c00000)
 Metaspace       used 39916K, capacity 42670K, committed 42792K, reserved 1087488K
  class space    used 5140K, capacity 5621K, committed 5680K, reserved 1048576K
GC Heap History (10 events):
Event: 10.039 GC heap before
{Heap before GC invocations=8 (full 1):
 PSYoungGen      total 117248K, used 113187K [0x00000000d6d80000, 0x00000000dea80000, 0x0000000100000000)
  eden space 108032K, 100% used [0x00000000d6d80000,0x00000000dd700000,0x00000000dd700000)
  from space 9216K, 55% used [0x00000000de000000,0x00000000de508d40,0x00000000de900000)
  to   space 9216K, 0% used [0x00000000dd700000,0x00000000dd700000,0x00000000de000000)
 ParOldGen       total 52224K, used 9030K [0x0000000084800000, 0x0000000087b00000, 0x00000000d6d80000)
  object space 52224K, 17% used [0x0000000084800000,0x00000000850d1ba0,0x0000000087b00000)
 Metaspace       used 25974K, capacity 27716K, committed 27824K, reserved 1073152K
  class space    used 3366K, capacity 3712K, committed 3760K, reserved 1048576K
Event: 10.044 GC heap after
Heap after GC invocations=8 (full 1):
 PSYoungGen      total 117248K, used 5063K [0x00000000d6d80000, 0x00000000e3800000, 0x0000000100000000)
  eden space 108032K, 0% used [0x00000000d6d80000,0x00000000d6d80000,0x00000000dd700000)
  from space 9216K, 54% used [0x00000000dd700000,0x00000000ddbf1f28,0x00000000de000000)
  to   space 8704K, 0% used [0x00000000e2f80000,0x00000000e2f80000,0x00000000e3800000)
 ParOldGen       total 52224K, used 9038K [0x0000000084800000, 0x0000000087b00000, 0x00000000d6d80000)
  object space 52224K, 17% used [0x0000000084800000,0x00000000850d3ba0,0x0000000087b00000)
 Metaspace       used 25974K, capacity 27716K, committed 27824K, reserved 1073152K
  class space    used 3366K, capacity 3712K, committed 3760K, reserved 1048576K
}
Event: 11.015 GC heap before
{Heap before GC invocations=9 (full 1):
 PSYoungGen      total 117248K, used 113095K [0x00000000d6d80000, 0x00000000e3800000, 0x0000000100000000)
  eden space 108032K, 100% used [0x00000000d6d80000,0x00000000dd700000,0x00000000dd700000)
  from space 9216K, 54% used [0x00000000dd700000,0x00000000ddbf1f28,0x00000000de000000)
  to   space 8704K, 0% used [0x00000000e2f80000,0x00000000e2f80000,0x00000000e3800000)
 ParOldGen       total 52224K, used 9038K [0x0000000084800000, 0x0000000087b00000, 0x00000000d6d80000)
  object space 52224K, 17% used [0x0000000084800000,0x00000000850d3ba0,0x0000000087b00000)
 Metaspace       used 31730K, capacity 33744K, committed 34096K, reserved 1079296K
  class space    used 4147K, capacity 4532K, committed 4656K, reserved 1048576K
Event: 11.033 GC heap after
Heap after GC invocations=9 (full 1):
 PSYoungGen      total 196608K, used 8690K [0x00000000d6d80000, 0x00000000e3d80000, 0x0000000100000000)
  eden space 187904K, 0% used [0x00000000d6d80000,0x00000000d6d80000,0x00000000e2500000)
  from space 8704K, 99% used [0x00000000e2f80000,0x00000000e37fcae0,0x00000000e3800000)
  to   space 10752K, 0% used [0x00000000e2500000,0x00000000e2500000,0x00000000e2f80000)
 ParOldGen       total 52224K, used 11722K [0x0000000084800000, 0x0000000087b00000, 0x00000000d6d80000)
  object space 52224K, 22% used [0x0000000084800000,0x00000000853728f8,0x0000000087b00000)
 Metaspace       used 31730K, capacity 33744K, committed 34096K, reserved 1079296K
  class space    used 4147K, capacity 4532K, committed 4656K, reserved 1048576K
}
Event: 11.487 GC heap before
{Heap before GC invocations=10 (full 1):
 PSYoungGen      total 196608K, used 84173K [0x00000000d6d80000, 0x00000000e3d80000, 0x0000000100000000)
  eden space 187904K, 40% used [0x00000000d6d80000,0x00000000db736c28,0x00000000e2500000)
  from space 8704K, 99% used [0x00000000e2f80000,0x00000000e37fcae0,0x00000000e3800000)
  to   space 10752K, 0% used [0x00000000e2500000,0x00000000e2500000,0x00000000e2f80000)
 ParOldGen       total 52224K, used 11722K [0x0000000084800000, 0x0000000087b00000, 0x00000000d6d80000)
  object space 52224K, 22% used [0x0000000084800000,0x00000000853728f8,0x0000000087b00000)
 Metaspace       used 33392K, capacity 35378K, committed 35496K, reserved 1079296K
  class space    used 4352K, capacity 4717K, committed 4784K, reserved 1048576K
Event: 11.506 GC heap after
Heap after GC invocations=10 (full 1):
 PSYoungGen      total 198656K, used 6228K [0x00000000d6d80000, 0x00000000e3d80000, 0x0000000100000000)
  eden space 187904K, 0% used [0x00000000d6d80000,0x00000000d6d80000,0x00000000e2500000)
  from space 10752K, 57% used [0x00000000e2500000,0x00000000e2b152c8,0x00000000e2f80000)
  to   space 8704K, 0% used [0x00000000e2f80000,0x00000000e2f80000,0x00000000e3800000)
 ParOldGen       total 52224K, used 14518K [0x0000000084800000, 0x0000000087b00000, 0x00000000d6d80000)
  object space 52224K, 27% used [0x0000000084800000,0x000000008562d928,0x0000000087b00000)
 Metaspace       used 33392K, capacity 35378K, committed 35496K, reserved 1079296K
  class space    used 4352K, capacity 4717K, committed 4784K, reserved 1048576K
}
Event: 11.506 GC heap before
{Heap before GC invocations=11 (full 2):
 PSYoungGen      total 198656K, used 6228K [0x00000000d6d80000, 0x00000000e3d80000, 0x0000000100000000)
  eden space 187904K, 0% used [0x00000000d6d80000,0x00000000d6d80000,0x00000000e2500000)
  from space 10752K, 57% used [0x00000000e2500000,0x00000000e2b152c8,0x00000000e2f80000)
  to   space 8704K, 0% used [0x00000000e2f80000,0x00000000e2f80000,0x00000000e3800000)
 ParOldGen       total 52224K, used 14518K [0x0000000084800000, 0x0000000087b00000, 0x00000000d6d80000)
  object space 52224K, 27% used [0x0000000084800000,0x000000008562d928,0x0000000087b00000)
 Metaspace       used 33392K, capacity 35378K, committed 35496K, reserved 1079296K
  class space    used 4352K, capacity 4717K, committed 4784K, reserved 1048576K
Event: 11.578 GC heap after
Heap after GC invocations=11 (full 2):
 PSYoungGen      total 198656K, used 0K [0x00000000d6d80000, 0x00000000e3d80000, 0x0000000100000000)
  eden space 187904K, 0% used [0x00000000d6d80000,0x00000000d6d80000,0x00000000e2500000)
  from space 10752K, 0% used [0x00000000e2500000,0x00000000e2500000,0x00000000e2f80000)
  to   space 8704K, 0% used [0x00000000e2f80000,0x00000000e2f80000,0x00000000e3800000)
 ParOldGen       total 69632K, used 13273K [0x0000000084800000, 0x0000000088c00000, 0x00000000d6d80000)
  object space 69632K, 19% used [0x0000000084800000,0x00000000854f6798,0x0000000088c00000)
 Metaspace       used 33392K, capacity 35378K, committed 35496K, reserved 1079296K
  class space    used 4352K, capacity 4717K, committed 4784K, reserved 1048576K
}
Event: 15.330 GC heap before
{Heap before GC invocations=12 (full 2):
 PSYoungGen      total 198656K, used 187904K [0x00000000d6d80000, 0x00000000e3d80000, 0x0000000100000000)
  eden space 187904K, 100% used [0x00000000d6d80000,0x00000000e2500000,0x00000000e2500000)
  from space 10752K, 0% used [0x00000000e2500000,0x00000000e2500000,0x00000000e2f80000)
  to   space 8704K, 0% used [0x00000000e2f80000,0x00000000e2f80000,0x00000000e3800000)
 ParOldGen       total 69632K, used 13273K [0x0000000084800000, 0x0000000088c00000, 0x00000000d6d80000)
  object space 69632K, 19% used [0x0000000084800000,0x00000000854f6798,0x0000000088c00000)
 Metaspace       used 39568K, capacity 42248K, committed 42408K, reserved 1085440K
  class space    used 5097K, capacity 5550K, committed 5552K, reserved 1048576K
Event: 15.338 GC heap after
Heap after GC invocations=12 (full 2):
 PSYoungGen      total 196608K, used 6791K [0x00000000d6d80000, 0x00000000e3d80000, 0x0000000100000000)
  eden space 187904K, 0% used [0x00000000d6d80000,0x00000000d6d80000,0x00000000e2500000)
  from space 8704K, 78% used [0x00000000e2f80000,0x00000000e3621e18,0x00000000e3800000)
  to   space 10752K, 0% used [0x00000000e2500000,0x00000000e2500000,0x00000000e2f80000)
 ParOldGen       total 69632K, used 13345K [0x0000000084800000, 0x0000000088c00000, 0x00000000d6d80000)
  object space 69632K, 19% used [0x0000000084800000,0x00000000855087a8,0x0000000088c00000)
 Metaspace       used 39568K, capacity 42248K, committed 42408K, reserved 1085440K
  class space    used 5097K, capacity 5550K, committed 5552K, reserved 1048576K
}

