# JRE version: Java(TM) SE Runtime Environment (8.0_131-b11) (build 1.8.0_131-b11)
# Java VM: Java HotSpot(TM) 64-Bit Server VM (25.131-b11 mixed mode windows-amd64 compressed oops)
Heap:
 PSYoungGen      total 377344K, used 16172K [0x00000000d6d80000, 0x00000000eec00000, 0x0000000100000000)
  eden space 363520K, 4% used [0x00000000d6d80000,0x00000000d7d4b068,0x00000000ed080000)
  from space 13824K, 0% used [0x00000000ed080000,0x00000000ed080000,0x00000000ede00000)
  to   space 12288K, 0% used [0x00000000ede00000,0x00000000ede00000,0x00000000eea00000)
 ParOldGen       total 93184K, used 24966K [0x0000000084800000, 0x000000008a300000, 0x00000000d6d80000)
  object space 93184K, 26% used [0x0000000084800000,0x0000000086061aa0,0x000000008a300000)
 Metaspace       used 55316K, capacity 59189K, committed 59416K, reserved 1101824K
  class space    used 7240K, capacity 7897K, committed 7960K, reserved 1048576K
GC Heap History (10 events):
Event: 13.752 GC heap before
{Heap before GC invocations=12 (full 2):
 PSYoungGen      total 182272K, used 172544K [0x00000000d6d80000, 0x00000000e7f00000, 0x0000000100000000)
  eden space 172544K, 100% used [0x00000000d6d80000,0x00000000e1600000,0x00000000e1600000)
  from space 9728K, 0% used [0x00000000e1600000,0x00000000e1600000,0x00000000e1f80000)
  to   space 10240K, 0% used [0x00000000e7500000,0x00000000e7500000,0x00000000e7f00000)
 ParOldGen       total 65536K, used 10964K [0x0000000084800000, 0x0000000088800000, 0x00000000d6d80000)
  object space 65536K, 16% used [0x0000000084800000,0x00000000852b5190,0x0000000088800000)
 Metaspace       used 39754K, capacity 41970K, committed 42152K, reserved 1085440K
  class space    used 5126K, capacity 5527K, committed 5544K, reserved 1048576K
Event: 13.764 GC heap after
Heap after GC invocations=12 (full 2):
 PSYoungGen      total 260096K, used 7022K [0x00000000d6d80000, 0x00000000e7c00000, 0x0000000100000000)
  eden space 252928K, 0% used [0x00000000d6d80000,0x00000000d6d80000,0x00000000e6480000)
  from space 7168K, 97% used [0x00000000e7500000,0x00000000e7bdbb50,0x00000000e7c00000)
  to   space 9728K, 0% used [0x00000000e6900000,0x00000000e6900000,0x00000000e7280000)
 ParOldGen       total 65536K, used 10972K [0x0000000084800000, 0x0000000088800000, 0x00000000d6d80000)
  object space 65536K, 16% used [0x0000000084800000,0x00000000852b7190,0x0000000088800000)
 Metaspace       used 39754K, capacity 41970K, committed 42152K, reserved 1085440K
  class space    used 5126K, capacity 5527K, committed 5544K, reserved 1048576K
}
Event: 18.314 GC heap before
{Heap before GC invocations=13 (full 2):
 PSYoungGen      total 260096K, used 259950K [0x00000000d6d80000, 0x00000000e7c00000, 0x0000000100000000)
  eden space 252928K, 100% used [0x00000000d6d80000,0x00000000e6480000,0x00000000e6480000)
  from space 7168K, 97% used [0x00000000e7500000,0x00000000e7bdbb50,0x00000000e7c00000)
  to   space 9728K, 0% used [0x00000000e6900000,0x00000000e6900000,0x00000000e7280000)
 ParOldGen       total 65536K, used 10972K [0x0000000084800000, 0x0000000088800000, 0x00000000d6d80000)
  object space 65536K, 16% used [0x0000000084800000,0x00000000852b7190,0x0000000088800000)
 Metaspace       used 44685K, capacity 47812K, committed 48168K, reserved 1091584K
  class space    used 5785K, capacity 6314K, committed 6440K, reserved 1048576K
Event: 18.340 GC heap after
Heap after GC invocations=13 (full 2):
 PSYoungGen      total 267264K, used 9721K [0x00000000d6d80000, 0x00000000eea00000, 0x0000000100000000)
  eden space 257536K, 0% used [0x00000000d6d80000,0x00000000d6d80000,0x00000000e6900000)
  from space 9728K, 99% used [0x00000000e6900000,0x00000000e727e4b0,0x00000000e7280000)
  to   space 12288K, 0% used [0x00000000ede00000,0x00000000ede00000,0x00000000eea00000)
 ParOldGen       total 65536K, used 15098K [0x0000000084800000, 0x0000000088800000, 0x00000000d6d80000)
  object space 65536K, 23% used [0x0000000084800000,0x00000000856bebf8,0x0000000088800000)
 Metaspace       used 44685K, capacity 47812K, committed 48168K, reserved 1091584K
  class space    used 5785K, capacity 6314K, committed 6440K, reserved 1048576K
}
Event: 29.893 GC heap before
{Heap before GC invocations=14 (full 2):
 PSYoungGen      total 267264K, used 267257K [0x00000000d6d80000, 0x00000000eea00000, 0x0000000100000000)
  eden space 257536K, 100% used [0x00000000d6d80000,0x00000000e6900000,0x00000000e6900000)
  from space 9728K, 99% used [0x00000000e6900000,0x00000000e727e4b0,0x00000000e7280000)
  to   space 12288K, 0% used [0x00000000ede00000,0x00000000ede00000,0x00000000eea00000)
 ParOldGen       total 65536K, used 15098K [0x0000000084800000, 0x0000000088800000, 0x00000000d6d80000)
  object space 65536K, 23% used [0x0000000084800000,0x00000000856bebf8,0x0000000088800000)
 Metaspace       used 53664K, capacity 57450K, committed 57640K, reserved 1099776K
  class space    used 7044K, capacity 7689K, committed 7720K, reserved 1048576K
Event: 29.929 GC heap after
Heap after GC invocations=14 (full 2):
 PSYoungGen      total 375808K, used 11920K [0x00000000d6d80000, 0x00000000eec00000, 0x0000000100000000)
  eden space 363520K, 0% used [0x00000000d6d80000,0x00000000d6d80000,0x00000000ed080000)
  from space 12288K, 97% used [0x00000000ede00000,0x00000000ee9a4230,0x00000000eea00000)
  to   space 13824K, 0% used [0x00000000ed080000,0x00000000ed080000,0x00000000ede00000)
 ParOldGen       total 65536K, used 20507K [0x0000000084800000, 0x0000000088800000, 0x00000000d6d80000)
  object space 65536K, 31% used [0x0000000084800000,0x0000000085c06c78,0x0000000088800000)
 Metaspace       used 53664K, capacity 57450K, committed 57640K, reserved 1099776K
  class space    used 7044K, capacity 7689K, committed 7720K, reserved 1048576K
}
Event: 30.503 GC heap before
{Heap before GC invocations=15 (full 2):
 PSYoungGen      total 375808K, used 26510K [0x00000000d6d80000, 0x00000000eec00000, 0x0000000100000000)
  eden space 363520K, 4% used [0x00000000d6d80000,0x00000000d7bbf890,0x00000000ed080000)
  from space 12288K, 97% used [0x00000000ede00000,0x00000000ee9a4230,0x00000000eea00000)
  to   space 13824K, 0% used [0x00000000ed080000,0x00000000ed080000,0x00000000ede00000)
 ParOldGen       total 65536K, used 20507K [0x0000000084800000, 0x0000000088800000, 0x00000000d6d80000)
  object space 65536K, 31% used [0x0000000084800000,0x0000000085c06c78,0x0000000088800000)
 Metaspace       used 55270K, capacity 59057K, committed 59160K, reserved 1099776K
  class space    used 7227K, capacity 7857K, committed 7960K, reserved 1048576K
Event: 30.510 GC heap after
Heap after GC invocations=15 (full 2):
 PSYoungGen      total 377344K, used 2099K [0x00000000d6d80000, 0x00000000eec00000, 0x0000000100000000)
  eden space 363520K, 0% used [0x00000000d6d80000,0x00000000d6d80000,0x00000000ed080000)
  from space 13824K, 15% used [0x00000000ed080000,0x00000000ed28cf50,0x00000000ede00000)
  to   space 12288K, 0% used [0x00000000ede00000,0x00000000ede00000,0x00000000eea00000)
 ParOldGen       total 65536K, used 26393K [0x0000000084800000, 0x0000000088800000, 0x00000000d6d80000)
  object space 65536K, 40% used [0x0000000084800000,0x00000000861c65f8,0x0000000088800000)
 Metaspace       used 55270K, capacity 59057K, committed 59160K, reserved 1099776K
  class space    used 7227K, capacity 7857K, committed 7960K, reserved 1048576K
}
Event: 30.510 GC heap before
{Heap before GC invocations=16 (full 3):
 PSYoungGen      total 377344K, used 2099K [0x00000000d6d80000, 0x00000000eec00000, 0x0000000100000000)
  eden space 363520K, 0% used [0x00000000d6d80000,0x00000000d6d80000,0x00000000ed080000)
  from space 13824K, 15% used [0x00000000ed080000,0x00000000ed28cf50,0x00000000ede00000)
  to   space 12288K, 0% used [0x00000000ede00000,0x00000000ede00000,0x00000000eea00000)
 ParOldGen       total 65536K, used 26393K [0x0000000084800000, 0x0000000088800000, 0x00000000d6d80000)
  object space 65536K, 40% used [0x0000000084800000,0x00000000861c65f8,0x0000000088800000)
 Metaspace       used 55270K, capacity 59057K, committed 59160K, reserved 1099776K
  class space    used 7227K, capacity 7857K, committed 7960K, reserved 1048576K
Event: 30.675 GC heap after
Heap after GC invocations=16 (full 3):
 PSYoungGen      total 377344K, used 0K [0x00000000d6d80000, 0x00000000eec00000, 0x0000000100000000)
  eden space 363520K, 0% used [0x00000000d6d80000,0x00000000d6d80000,0x00000000ed080000)
  from space 13824K, 0% used [0x00000000ed080000,0x00000000ed080000,0x00000000ede00000)
  to   space 12288K, 0% used [0x00000000ede00000,0x00000000ede00000,0x00000000eea00000)
 ParOldGen       total 93184K, used 24966K [0x0000000084800000, 0x000000008a300000, 0x00000000d6d80000)
  object space 93184K, 26% used [0x0000000084800000,0x0000000086061aa0,0x000000008a300000)
 Metaspace       used 55270K, capacity 59057K, committed 59160K, reserved 1099776K
  class space    used 7227K, capacity 7857K, committed 7960K, reserved 1048576K
}

