# JRE version: Java(TM) SE Runtime Environment (8.0_131-b11) (build 1.8.0_131-b11)
# Java VM: Java HotSpot(TM) 64-Bit Server VM (25.131-b11 mixed mode windows-amd64 compressed oops)
Heap:
 PSYoungGen      total 387584K, used 9471K [0x00000000d6d80000, 0x00000000f9280000, 0x0000000100000000)
  eden space 373248K, 2% used [0x00000000d6d80000,0x00000000d76bfed8,0x00000000eda00000)
  from space 14336K, 0% used [0x00000000eda00000,0x00000000eda00000,0x00000000ee800000)
  to   space 14848K, 0% used [0x00000000f8400000,0x00000000f8400000,0x00000000f9280000)
 ParOldGen       total 90112K, used 26719K [0x0000000084800000, 0x000000008a000000, 0x00000000d6d80000)
  object space 90112K, 29% used [0x0000000084800000,0x0000000086217c80,0x000000008a000000)
 Metaspace       used 55856K, capacity 59838K, committed 59928K, reserved 1101824K
  class space    used 7286K, capacity 7951K, committed 7960K, reserved 1048576K
GC Heap History (10 events):
Event: 18.858 GC heap before
{Heap before GC invocations=12 (full 2):
 PSYoungGen      total 179200K, used 169472K [0x00000000d6d80000, 0x00000000e7b00000, 0x0000000100000000)
  eden space 169472K, 100% used [0x00000000d6d80000,0x00000000e1300000,0x00000000e1300000)
  from space 9728K, 0% used [0x00000000e1300000,0x00000000e1300000,0x00000000e1c80000)
  to   space 9728K, 0% used [0x00000000e7180000,0x00000000e7180000,0x00000000e7b00000)
 ParOldGen       total 61952K, used 11225K [0x0000000084800000, 0x0000000088480000, 0x00000000d6d80000)
  object space 61952K, 18% used [0x0000000084800000,0x00000000852f6670,0x0000000088480000)
 Metaspace       used 39833K, capacity 42190K, committed 42280K, reserved 1085440K
  class space    used 5150K, capacity 5593K, committed 5672K, reserved 1048576K
Event: 18.883 GC heap after
Heap after GC invocations=12 (full 2):
 PSYoungGen      total 264192K, used 8877K [0x00000000d6d80000, 0x00000000e7b00000, 0x0000000100000000)
  eden space 254464K, 0% used [0x00000000d6d80000,0x00000000d6d80000,0x00000000e6600000)
  from space 9728K, 91% used [0x00000000e7180000,0x00000000e7a2b410,0x00000000e7b00000)
  to   space 10752K, 0% used [0x00000000e6600000,0x00000000e6600000,0x00000000e7080000)
 ParOldGen       total 61952K, used 11233K [0x0000000084800000, 0x0000000088480000, 0x00000000d6d80000)
  object space 61952K, 18% used [0x0000000084800000,0x00000000852f8670,0x0000000088480000)
 Metaspace       used 39833K, capacity 42190K, committed 42280K, reserved 1085440K
  class space    used 5150K, capacity 5593K, committed 5672K, reserved 1048576K
}
Event: 24.566 GC heap before
{Heap before GC invocations=13 (full 2):
 PSYoungGen      total 264192K, used 263341K [0x00000000d6d80000, 0x00000000e7b00000, 0x0000000100000000)
  eden space 254464K, 100% used [0x00000000d6d80000,0x00000000e6600000,0x00000000e6600000)
  from space 9728K, 91% used [0x00000000e7180000,0x00000000e7a2b410,0x00000000e7b00000)
  to   space 10752K, 0% used [0x00000000e6600000,0x00000000e6600000,0x00000000e7080000)
 ParOldGen       total 61952K, used 11233K [0x0000000084800000, 0x0000000088480000, 0x00000000d6d80000)
  object space 61952K, 18% used [0x0000000084800000,0x00000000852f8670,0x0000000088480000)
 Metaspace       used 47435K, capacity 50646K, committed 50984K, reserved 1093632K
  class space    used 6043K, capacity 6611K, committed 6696K, reserved 1048576K
Event: 24.584 GC heap after
Heap after GC invocations=13 (full 2):
 PSYoungGen      total 265216K, used 10743K [0x00000000d6d80000, 0x00000000ef700000, 0x0000000100000000)
  eden space 254464K, 0% used [0x00000000d6d80000,0x00000000d6d80000,0x00000000e6600000)
  from space 10752K, 99% used [0x00000000e6600000,0x00000000e707dda0,0x00000000e7080000)
  to   space 13312K, 0% used [0x00000000eea00000,0x00000000eea00000,0x00000000ef700000)
 ParOldGen       total 61952K, used 15698K [0x0000000084800000, 0x0000000088480000, 0x00000000d6d80000)
  object space 61952K, 25% used [0x0000000084800000,0x00000000857548a8,0x0000000088480000)
 Metaspace       used 47435K, capacity 50646K, committed 50984K, reserved 1093632K
  class space    used 6043K, capacity 6611K, committed 6696K, reserved 1048576K
}
Event: 34.741 GC heap before
{Heap before GC invocations=14 (full 2):
 PSYoungGen      total 265216K, used 265207K [0x00000000d6d80000, 0x00000000ef700000, 0x0000000100000000)
  eden space 254464K, 100% used [0x00000000d6d80000,0x00000000e6600000,0x00000000e6600000)
  from space 10752K, 99% used [0x00000000e6600000,0x00000000e707dda0,0x00000000e7080000)
  to   space 13312K, 0% used [0x00000000eea00000,0x00000000eea00000,0x00000000ef700000)
 ParOldGen       total 61952K, used 15698K [0x0000000084800000, 0x0000000088480000, 0x00000000d6d80000)
  object space 61952K, 25% used [0x0000000084800000,0x00000000857548a8,0x0000000088480000)
 Metaspace       used 52184K, capacity 55946K, committed 56104K, reserved 1097728K
  class space    used 6742K, capacity 7371K, committed 7464K, reserved 1048576K
Event: 34.758 GC heap after
Heap after GC invocations=14 (full 2):
 PSYoungGen      total 381952K, used 12082K [0x00000000d6d80000, 0x00000000ef600000, 0x0000000100000000)
  eden space 369664K, 0% used [0x00000000d6d80000,0x00000000d6d80000,0x00000000ed680000)
  from space 12288K, 98% used [0x00000000eea00000,0x00000000ef5cc970,0x00000000ef600000)
  to   space 14336K, 0% used [0x00000000eda00000,0x00000000eda00000,0x00000000ee800000)
 ParOldGen       total 61952K, used 22594K [0x0000000084800000, 0x0000000088480000, 0x00000000d6d80000)
  object space 61952K, 36% used [0x0000000084800000,0x0000000085e10948,0x0000000088480000)
 Metaspace       used 52184K, capacity 55946K, committed 56104K, reserved 1097728K
  class space    used 6742K, capacity 7371K, committed 7464K, reserved 1048576K
}
Event: 35.923 GC heap before
{Heap before GC invocations=15 (full 2):
 PSYoungGen      total 381952K, used 63270K [0x00000000d6d80000, 0x00000000ef600000, 0x0000000100000000)
  eden space 369664K, 13% used [0x00000000d6d80000,0x00000000d9f7cee0,0x00000000ed680000)
  from space 12288K, 98% used [0x00000000eea00000,0x00000000ef5cc970,0x00000000ef600000)
  to   space 14336K, 0% used [0x00000000eda00000,0x00000000eda00000,0x00000000ee800000)
 ParOldGen       total 61952K, used 22594K [0x0000000084800000, 0x0000000088480000, 0x00000000d6d80000)
  object space 61952K, 36% used [0x0000000084800000,0x0000000085e10948,0x0000000088480000)
 Metaspace       used 55101K, capacity 59032K, committed 59160K, reserved 1099776K
  class space    used 7206K, capacity 7854K, committed 7960K, reserved 1048576K
Event: 35.935 GC heap after
Heap after GC invocations=15 (full 2):
 PSYoungGen      total 387584K, used 3660K [0x00000000d6d80000, 0x00000000f9280000, 0x0000000100000000)
  eden space 373248K, 0% used [0x00000000d6d80000,0x00000000d6d80000,0x00000000eda00000)
  from space 14336K, 25% used [0x00000000eda00000,0x00000000edd931d8,0x00000000ee800000)
  to   space 14848K, 0% used [0x00000000f8400000,0x00000000f8400000,0x00000000f9280000)
 ParOldGen       total 61952K, used 27590K [0x0000000084800000, 0x0000000088480000, 0x00000000d6d80000)
  object space 61952K, 44% used [0x0000000084800000,0x00000000862f19c8,0x0000000088480000)
 Metaspace       used 55101K, capacity 59032K, committed 59160K, reserved 1099776K
  class space    used 7206K, capacity 7854K, committed 7960K, reserved 1048576K
}
Event: 35.935 GC heap before
{Heap before GC invocations=16 (full 3):
 PSYoungGen      total 387584K, used 3660K [0x00000000d6d80000, 0x00000000f9280000, 0x0000000100000000)
  eden space 373248K, 0% used [0x00000000d6d80000,0x00000000d6d80000,0x00000000eda00000)
  from space 14336K, 25% used [0x00000000eda00000,0x00000000edd931d8,0x00000000ee800000)
  to   space 14848K, 0% used [0x00000000f8400000,0x00000000f8400000,0x00000000f9280000)
 ParOldGen       total 61952K, used 27590K [0x0000000084800000, 0x0000000088480000, 0x00000000d6d80000)
  object space 61952K, 44% used [0x0000000084800000,0x00000000862f19c8,0x0000000088480000)
 Metaspace       used 55101K, capacity 59032K, committed 59160K, reserved 1099776K
  class space    used 7206K, capacity 7854K, committed 7960K, reserved 1048576K
Event: 36.110 GC heap after
Heap after GC invocations=16 (full 3):
 PSYoungGen      total 387584K, used 0K [0x00000000d6d80000, 0x00000000f9280000, 0x0000000100000000)
  eden space 373248K, 0% used [0x00000000d6d80000,0x00000000d6d80000,0x00000000eda00000)
  from space 14336K, 0% used [0x00000000eda00000,0x00000000eda00000,0x00000000ee800000)
  to   space 14848K, 0% used [0x00000000f8400000,0x00000000f8400000,0x00000000f9280000)
 ParOldGen       total 90112K, used 26719K [0x0000000084800000, 0x000000008a000000, 0x00000000d6d80000)
  object space 90112K, 29% used [0x0000000084800000,0x0000000086217c80,0x000000008a000000)
 Metaspace       used 55101K, capacity 59032K, committed 59160K, reserved 1099776K
  class space    used 7206K, capacity 7854K, committed 7960K, reserved 1048576K
}

