# JRE version: Java(TM) SE Runtime Environment (8.0_131-b11) (build 1.8.0_131-b11)
# Java VM: Java HotSpot(TM) 64-Bit Server VM (25.131-b11 mixed mode windows-amd64 compressed oops)
Heap:
 PSYoungGen      total 267264K, used 88982K [0x00000000d6d80000, 0x00000000e8580000, 0x0000000100000000)
  eden space 248320K, 28% used [0x00000000d6d80000,0x00000000db1e7138,0x00000000e6000000)
  from space 18944K, 99% used [0x00000000e6000000,0x00000000e727e7f8,0x00000000e7280000)
  to   space 18432K, 0% used [0x00000000e7280000,0x00000000e7280000,0x00000000e8480000)
 ParOldGen       total 87040K, used 37642K [0x0000000084800000, 0x0000000089d00000, 0x00000000d6d80000)
  object space 87040K, 43% used [0x0000000084800000,0x0000000086cc29c0,0x0000000089d00000)
 Metaspace       used 26519K, capacity 27250K, committed 27520K, reserved 1073152K
  class space    used 2997K, capacity 3143K, committed 3200K, reserved 1048576K
GC Heap History (10 events):
Event: 4.428 GC heap before
{Heap before GC invocations=6 (full 0):
 PSYoungGen      total 68608K, used 68608K [0x00000000d6d80000, 0x00000000dfd80000, 0x0000000100000000)
  eden space 63488K, 100% used [0x00000000d6d80000,0x00000000dab80000,0x00000000dab80000)
  from space 5120K, 100% used [0x00000000dab80000,0x00000000db080000,0x00000000db080000)
  to   space 10240K, 0% used [0x00000000df380000,0x00000000df380000,0x00000000dfd80000)
 ParOldGen       total 84992K, used 11207K [0x0000000084800000, 0x0000000089b00000, 0x00000000d6d80000)
  object space 84992K, 13% used [0x0000000084800000,0x00000000852f1d28,0x0000000089b00000)
 Metaspace       used 16206K, capacity 16540K, committed 16896K, reserved 1064960K
  class space    used 1899K, capacity 1987K, committed 2048K, reserved 1048576K
Event: 4.442 GC heap after
Heap after GC invocations=6 (full 0):
 PSYoungGen      total 134656K, used 10224K [0x00000000d6d80000, 0x00000000e0280000, 0x0000000100000000)
  eden space 124416K, 0% used [0x00000000d6d80000,0x00000000d6d80000,0x00000000de700000)
  from space 10240K, 99% used [0x00000000df380000,0x00000000dfd7c030,0x00000000dfd80000)
  to   space 12800K, 0% used [0x00000000de700000,0x00000000de700000,0x00000000df380000)
 ParOldGen       total 84992K, used 13844K [0x0000000084800000, 0x0000000089b00000, 0x00000000d6d80000)
  object space 84992K, 16% used [0x0000000084800000,0x0000000085585290,0x0000000089b00000)
 Metaspace       used 16206K, capacity 16540K, committed 16896K, reserved 1064960K
  class space    used 1899K, capacity 1987K, committed 2048K, reserved 1048576K
}
Event: 6.162 GC heap before
{Heap before GC invocations=7 (full 0):
 PSYoungGen      total 134656K, used 134640K [0x00000000d6d80000, 0x00000000e0280000, 0x0000000100000000)
  eden space 124416K, 100% used [0x00000000d6d80000,0x00000000de700000,0x00000000de700000)
  from space 10240K, 99% used [0x00000000df380000,0x00000000dfd7c030,0x00000000dfd80000)
  to   space 12800K, 0% used [0x00000000de700000,0x00000000de700000,0x00000000df380000)
 ParOldGen       total 84992K, used 13844K [0x0000000084800000, 0x0000000089b00000, 0x00000000d6d80000)
  object space 84992K, 16% used [0x0000000084800000,0x0000000085585290,0x0000000089b00000)
 Metaspace       used 16740K, capacity 17084K, committed 17408K, reserved 1064960K
  class space    used 1917K, capacity 2019K, committed 2048K, reserved 1048576K
Event: 6.181 GC heap after
Heap after GC invocations=7 (full 0):
 PSYoungGen      total 137216K, used 12768K [0x00000000d6d80000, 0x00000000e8480000, 0x0000000100000000)
  eden space 124416K, 0% used [0x00000000d6d80000,0x00000000d6d80000,0x00000000de700000)
  from space 12800K, 99% used [0x00000000de700000,0x00000000df378020,0x00000000df380000)
  to   space 18432K, 0% used [0x00000000e7280000,0x00000000e7280000,0x00000000e8480000)
 ParOldGen       total 84992K, used 20939K [0x0000000084800000, 0x0000000089b00000, 0x00000000d6d80000)
  object space 84992K, 24% used [0x0000000084800000,0x0000000085c72f80,0x0000000089b00000)
 Metaspace       used 16740K, capacity 17084K, committed 17408K, reserved 1064960K
  class space    used 1917K, capacity 2019K, committed 2048K, reserved 1048576K
}
Event: 8.286 GC heap before
{Heap before GC invocations=8 (full 0):
 PSYoungGen      total 137216K, used 74920K [0x00000000d6d80000, 0x00000000e8480000, 0x0000000100000000)
  eden space 124416K, 49% used [0x00000000d6d80000,0x00000000daa32260,0x00000000de700000)
  from space 12800K, 99% used [0x00000000de700000,0x00000000df378020,0x00000000df380000)
  to   space 18432K, 0% used [0x00000000e7280000,0x00000000e7280000,0x00000000e8480000)
 ParOldGen       total 84992K, used 20939K [0x0000000084800000, 0x0000000089b00000, 0x00000000d6d80000)
  object space 84992K, 24% used [0x0000000084800000,0x0000000085c72f80,0x0000000089b00000)
 Metaspace       used 20640K, capacity 21188K, committed 21248K, reserved 1069056K
  class space    used 2434K, capacity 2557K, committed 2560K, reserved 1048576K
Event: 8.303 GC heap after
Heap after GC invocations=8 (full 0):
 PSYoungGen      total 266752K, used 14129K [0x00000000d6d80000, 0x00000000e8580000, 0x0000000100000000)
  eden space 248320K, 0% used [0x00000000d6d80000,0x00000000d6d80000,0x00000000e6000000)
  from space 18432K, 76% used [0x00000000e7280000,0x00000000e804c4d8,0x00000000e8480000)
  to   space 18944K, 0% used [0x00000000e6000000,0x00000000e6000000,0x00000000e7280000)
 ParOldGen       total 84992K, used 23101K [0x0000000084800000, 0x0000000089b00000, 0x00000000d6d80000)
  object space 84992K, 27% used [0x0000000084800000,0x0000000085e8f7b0,0x0000000089b00000)
 Metaspace       used 20640K, capacity 21188K, committed 21248K, reserved 1069056K
  class space    used 2434K, capacity 2557K, committed 2560K, reserved 1048576K
}
Event: 8.303 GC heap before
{Heap before GC invocations=9 (full 1):
 PSYoungGen      total 266752K, used 14129K [0x00000000d6d80000, 0x00000000e8580000, 0x0000000100000000)
  eden space 248320K, 0% used [0x00000000d6d80000,0x00000000d6d80000,0x00000000e6000000)
  from space 18432K, 76% used [0x00000000e7280000,0x00000000e804c4d8,0x00000000e8480000)
  to   space 18944K, 0% used [0x00000000e6000000,0x00000000e6000000,0x00000000e7280000)
 ParOldGen       total 84992K, used 23101K [0x0000000084800000, 0x0000000089b00000, 0x00000000d6d80000)
  object space 84992K, 27% used [0x0000000084800000,0x0000000085e8f7b0,0x0000000089b00000)
 Metaspace       used 20640K, capacity 21188K, committed 21248K, reserved 1069056K
  class space    used 2434K, capacity 2557K, committed 2560K, reserved 1048576K
Event: 8.448 GC heap after
Heap after GC invocations=9 (full 1):
 PSYoungGen      total 266752K, used 0K [0x00000000d6d80000, 0x00000000e8580000, 0x0000000100000000)
  eden space 248320K, 0% used [0x00000000d6d80000,0x00000000d6d80000,0x00000000e6000000)
  from space 18432K, 0% used [0x00000000e7280000,0x00000000e7280000,0x00000000e8480000)
  to   space 18944K, 0% used [0x00000000e6000000,0x00000000e6000000,0x00000000e7280000)
 ParOldGen       total 87040K, used 30694K [0x0000000084800000, 0x0000000089d00000, 0x00000000d6d80000)
  object space 87040K, 35% used [0x0000000084800000,0x00000000865f9928,0x0000000089d00000)
 Metaspace       used 20640K, capacity 21188K, committed 21248K, reserved 1069056K
  class space    used 2434K, capacity 2557K, committed 2560K, reserved 1048576K
}
Event: 12.323 GC heap before
{Heap before GC invocations=10 (full 1):
 PSYoungGen      total 266752K, used 248320K [0x00000000d6d80000, 0x00000000e8580000, 0x0000000100000000)
  eden space 248320K, 100% used [0x00000000d6d80000,0x00000000e6000000,0x00000000e6000000)
  from space 18432K, 0% used [0x00000000e7280000,0x00000000e7280000,0x00000000e8480000)
  to   space 18944K, 0% used [0x00000000e6000000,0x00000000e6000000,0x00000000e7280000)
 ParOldGen       total 87040K, used 30694K [0x0000000084800000, 0x0000000089d00000, 0x00000000d6d80000)
  object space 87040K, 35% used [0x0000000084800000,0x00000000865f9928,0x0000000089d00000)
 Metaspace       used 25029K, capacity 25810K, committed 26112K, reserved 1073152K
  class space    used 2867K, capacity 3047K, committed 3072K, reserved 1048576K
Event: 12.352 GC heap after
Heap after GC invocations=10 (full 1):
 PSYoungGen      total 267264K, used 18937K [0x00000000d6d80000, 0x00000000e8580000, 0x0000000100000000)
  eden space 248320K, 0% used [0x00000000d6d80000,0x00000000d6d80000,0x00000000e6000000)
  from space 18944K, 99% used [0x00000000e6000000,0x00000000e727e7f8,0x00000000e7280000)
  to   space 18432K, 0% used [0x00000000e7280000,0x00000000e7280000,0x00000000e8480000)
 ParOldGen       total 87040K, used 37642K [0x0000000084800000, 0x0000000089d00000, 0x00000000d6d80000)
  object space 87040K, 43% used [0x0000000084800000,0x0000000086cc29c0,0x0000000089d00000)
 Metaspace       used 25029K, capacity 25810K, committed 26112K, reserved 1073152K
  class space    used 2867K, capacity 3047K, committed 3072K, reserved 1048576K
}

